<?xml version="1.0" encoding="UTF-8"?>
<testsuite xmlns:xsi="http://www.w3.org/2001/XMLSchema-instance" xsi:noNamespaceSchemaLocation="https://maven.apache.org/surefire/maven-surefire-plugin/xsd/surefire-test-report-3.0.xsd" version="3.0" name="TestSuma" time="0.117" tests="2" errors="0" skipped="0" failures="0">
  <properties>
[...]
</properties>
  <testcase name="suma" classname="TestSuma" time="0.054">
    <system-out><![CDATA[Suma OK
]]></system-out>
  </testcase>
  <testcase name="sumaFalse" classname="TestSuma" time="0.005">
    <system-out><![CDATA[Suma false
]]></system-out>
  </testcase>
</testsuite>